# JRE version: OpenJDK Runtime Environment (21.0.6) (build 21.0.6+-13368085-b895.109)
# Java VM: OpenJDK 64-Bit Server VM (21.0.6+-13368085-b895.109, mixed mode, tiered, compressed oops, compressed class ptrs, g1 gc, windows-amd64)
GC Precious Log:
 CardTable entry size: 512
 Card Set container configuration: InlinePtr #cards 4 size 8 Array Of Cards #cards 16 size 48 Howl #buckets 8 coarsen threshold 3686 Howl Bitmap #cards 512 size 80 coarsen threshold 460 Card regions per heap region 1 cards per card region 4096
 CPUs: 12 total, 12 available
 Memory: 7876M
 Large Page Support: Disabled
 NUMA Support: Disabled
 Compressed Oops: Enabled (Zero based)
 Heap Region Size: 2M
 Heap Min Capacity: 8M
 Heap Initial Capacity: 124M
 Heap Max Capacity: 4G
 Pre-touch: Disabled
 Parallel Workers: 10
 Concurrent Workers: 3
 Concurrent Refinement Workers: 10
 Periodic GC: Disabled
Heap:
 garbage-first heap   total 552960K, used 231496K [0x0000000700000000, 0x0000000800000000)
  region size 2048K, 2 young (4096K), 2 survivors (4096K)
 Metaspace       used 149425K, committed 151936K, reserved 1245184K
  class space    used 19391K, committed 20672K, reserved 1048576K
GC Heap History (20 events):
Event: 268.804 GC heap after
{Heap after GC invocations=60 (full 0):
 garbage-first heap   total 542720K, used 188375K [0x0000000700000000, 0x0000000800000000)
  region size 2048K, 1 young (2048K), 1 survivors (2048K)
 Metaspace       used 140245K, committed 142528K, reserved 1179648K
  class space    used 18464K, committed 19584K, reserved 1048576K
}
Event: 335.628 GC heap before
{Heap before GC invocations=60 (full 0):
 garbage-first heap   total 542720K, used 415703K [0x0000000700000000, 0x0000000800000000)
  region size 2048K, 113 young (231424K), 1 survivors (2048K)
 Metaspace       used 140712K, committed 142976K, reserved 1179648K
  class space    used 18468K, committed 19584K, reserved 1048576K
}
Event: 335.983 GC heap after
{Heap after GC invocations=61 (full 0):
 garbage-first heap   total 542720K, used 181418K [0x0000000700000000, 0x0000000800000000)
  region size 2048K, 1 young (2048K), 1 survivors (2048K)
 Metaspace       used 140712K, committed 142976K, reserved 1179648K
  class space    used 18468K, committed 19584K, reserved 1048576K
}
Event: 346.628 GC heap before
{Heap before GC invocations=61 (full 0):
 garbage-first heap   total 542720K, used 421034K [0x0000000700000000, 0x0000000800000000)
  region size 2048K, 120 young (245760K), 1 survivors (2048K)
 Metaspace       used 141119K, committed 143424K, reserved 1179648K
  class space    used 18480K, committed 19648K, reserved 1048576K
}
Event: 346.702 GC heap after
{Heap after GC invocations=62 (full 0):
 garbage-first heap   total 542720K, used 202910K [0x0000000700000000, 0x0000000800000000)
  region size 2048K, 12 young (24576K), 12 survivors (24576K)
 Metaspace       used 141119K, committed 143424K, reserved 1179648K
  class space    used 18480K, committed 19648K, reserved 1048576K
}
Event: 1791.715 GC heap before
{Heap before GC invocations=63 (full 0):
 garbage-first heap   total 542720K, used 538782K [0x0000000700000000, 0x0000000800000000)
  region size 2048K, 63 young (129024K), 12 survivors (24576K)
 Metaspace       used 141337K, committed 143680K, reserved 1179648K
  class space    used 18484K, committed 19648K, reserved 1048576K
}
Event: 1791.780 GC heap after
{Heap after GC invocations=64 (full 0):
 garbage-first heap   total 552960K, used 185045K [0x0000000700000000, 0x0000000800000000)
  region size 2048K, 3 young (6144K), 3 survivors (6144K)
 Metaspace       used 141337K, committed 143680K, reserved 1179648K
  class space    used 18484K, committed 19648K, reserved 1048576K
}
Event: 1792.347 GC heap before
{Heap before GC invocations=64 (full 0):
 garbage-first heap   total 552960K, used 205525K [0x0000000700000000, 0x0000000800000000)
  region size 2048K, 13 young (26624K), 3 survivors (6144K)
 Metaspace       used 141349K, committed 143680K, reserved 1179648K
  class space    used 18484K, committed 19648K, reserved 1048576K
}
Event: 1792.372 GC heap after
{Heap after GC invocations=65 (full 0):
 garbage-first heap   total 552960K, used 184266K [0x0000000700000000, 0x0000000800000000)
  region size 2048K, 2 young (4096K), 2 survivors (4096K)
 Metaspace       used 141349K, committed 143680K, reserved 1179648K
  class space    used 18484K, committed 19648K, reserved 1048576K
}
Event: 1793.317 GC heap before
{Heap before GC invocations=65 (full 0):
 garbage-first heap   total 552960K, used 235466K [0x0000000700000000, 0x0000000800000000)
  region size 2048K, 28 young (57344K), 2 survivors (4096K)
 Metaspace       used 141457K, committed 143808K, reserved 1179648K
  class space    used 18486K, committed 19648K, reserved 1048576K
}
Event: 1793.345 GC heap after
{Heap after GC invocations=66 (full 0):
 garbage-first heap   total 552960K, used 192512K [0x0000000700000000, 0x0000000800000000)
  region size 2048K, 4 young (8192K), 4 survivors (8192K)
 Metaspace       used 141457K, committed 143808K, reserved 1179648K
  class space    used 18486K, committed 19648K, reserved 1048576K
}
Event: 1793.765 GC heap before
{Heap before GC invocations=66 (full 0):
 garbage-first heap   total 552960K, used 221184K [0x0000000700000000, 0x0000000800000000)
  region size 2048K, 18 young (36864K), 4 survivors (8192K)
 Metaspace       used 141551K, committed 143872K, reserved 1179648K
  class space    used 18486K, committed 19648K, reserved 1048576K
}
Event: 1793.793 GC heap after
{Heap after GC invocations=67 (full 0):
 garbage-first heap   total 552960K, used 195229K [0x0000000700000000, 0x0000000800000000)
  region size 2048K, 2 young (4096K), 2 survivors (4096K)
 Metaspace       used 141551K, committed 143872K, reserved 1179648K
  class space    used 18486K, committed 19648K, reserved 1048576K
}
Event: 1796.204 GC heap before
{Heap before GC invocations=67 (full 0):
 garbage-first heap   total 552960K, used 287389K [0x0000000700000000, 0x0000000800000000)
  region size 2048K, 48 young (98304K), 2 survivors (4096K)
 Metaspace       used 142144K, committed 144512K, reserved 1179648K
  class space    used 18542K, committed 19712K, reserved 1048576K
}
Event: 1796.216 GC heap after
{Heap after GC invocations=68 (full 0):
 garbage-first heap   total 552960K, used 200046K [0x0000000700000000, 0x0000000800000000)
  region size 2048K, 4 young (8192K), 4 survivors (8192K)
 Metaspace       used 142144K, committed 144512K, reserved 1179648K
  class space    used 18542K, committed 19712K, reserved 1048576K
}
Event: 1803.563 GC heap before
{Heap before GC invocations=68 (full 0):
 garbage-first heap   total 552960K, used 308590K [0x0000000700000000, 0x0000000800000000)
  region size 2048K, 56 young (114688K), 4 survivors (8192K)
 Metaspace       used 145921K, committed 148416K, reserved 1179648K
  class space    used 19021K, committed 20288K, reserved 1048576K
}
Event: 1803.623 GC heap after
{Heap after GC invocations=69 (full 0):
 garbage-first heap   total 552960K, used 232079K [0x0000000700000000, 0x0000000800000000)
  region size 2048K, 7 young (14336K), 7 survivors (14336K)
 Metaspace       used 145921K, committed 148416K, reserved 1179648K
  class space    used 19021K, committed 20288K, reserved 1048576K
}
Event: 1803.863 GC heap before
{Heap before GC invocations=69 (full 0):
 garbage-first heap   total 552960K, used 254607K [0x0000000700000000, 0x0000000800000000)
  region size 2048K, 18 young (36864K), 7 survivors (14336K)
 Metaspace       used 146753K, committed 149248K, reserved 1179648K
  class space    used 19176K, committed 20416K, reserved 1048576K
}
Event: 1803.883 GC heap after
{Heap after GC invocations=70 (full 0):
 garbage-first heap   total 552960K, used 232389K [0x0000000700000000, 0x0000000800000000)
  region size 2048K, 2 young (4096K), 2 survivors (4096K)
 Metaspace       used 146753K, committed 149248K, reserved 1179648K
  class space    used 19176K, committed 20416K, reserved 1048576K
}
Event: 1804.073 GC heap before
{Heap before GC invocations=70 (full 0):
 garbage-first heap   total 552960K, used 242629K [0x0000000700000000, 0x0000000800000000)
  region size 2048K, 9 young (18432K), 2 survivors (4096K)
 Metaspace       used 149425K, committed 151936K, reserved 1245184K
  class space    used 19391K, committed 20672K, reserved 1048576K
}

