# JRE version: OpenJDK Runtime Environment (21.0.6) (build 21.0.6+-13368085-b895.109)
# Java VM: OpenJDK 64-Bit Server VM (21.0.6+-13368085-b895.109, mixed mode, tiered, compressed oops, compressed class ptrs, g1 gc, windows-amd64)
GC Precious Log:
 CardTable entry size: 512
 Card Set container configuration: InlinePtr #cards 4 size 8 Array Of Cards #cards 16 size 48 Howl #buckets 8 coarsen threshold 3686 Howl Bitmap #cards 512 size 80 coarsen threshold 460 Card regions per heap region 1 cards per card region 4096
 CPUs: 12 total, 12 available
 Memory: 7876M
 Large Page Support: Disabled
 NUMA Support: Disabled
 Compressed Oops: Enabled (Zero based)
 Heap Region Size: 2M
 Heap Min Capacity: 8M
 Heap Initial Capacity: 124M
 Heap Max Capacity: 4G
 Pre-touch: Disabled
 Parallel Workers: 10
 Concurrent Workers: 3
 Concurrent Refinement Workers: 10
 Periodic GC: Disabled
Heap:
 garbage-first heap   total 491520K, used 355883K [0x0000000700000000, 0x0000000800000000)
  region size 2048K, 63 young (129024K), 6 survivors (12288K)
 Metaspace       used 164766K, committed 167424K, reserved 1245184K
  class space    used 21337K, committed 22656K, reserved 1048576K
GC Heap History (20 events):
Event: 56.168 GC heap before
{Heap before GC invocations=47 (full 0):
 garbage-first heap   total 348160K, used 310354K [0x0000000700000000, 0x0000000800000000)
  region size 2048K, 60 young (122880K), 8 survivors (16384K)
 Metaspace       used 150225K, committed 152832K, reserved 1245184K
  class space    used 19613K, committed 20928K, reserved 1048576K
}
Event: 56.181 GC heap after
{Heap after GC invocations=48 (full 0):
 garbage-first heap   total 348160K, used 212295K [0x0000000700000000, 0x0000000800000000)
  region size 2048K, 3 young (6144K), 3 survivors (6144K)
 Metaspace       used 150225K, committed 152832K, reserved 1245184K
  class space    used 19613K, committed 20928K, reserved 1048576K
}
Event: 57.670 GC heap before
{Heap before GC invocations=48 (full 0):
 garbage-first heap   total 348160K, used 318791K [0x0000000700000000, 0x0000000800000000)
  region size 2048K, 55 young (112640K), 3 survivors (6144K)
 Metaspace       used 152667K, committed 155200K, reserved 1245184K
  class space    used 19905K, committed 21184K, reserved 1048576K
}
Event: 57.683 GC heap after
{Heap after GC invocations=49 (full 0):
 garbage-first heap   total 348160K, used 222824K [0x0000000700000000, 0x0000000800000000)
  region size 2048K, 7 young (14336K), 7 survivors (14336K)
 Metaspace       used 152667K, committed 155200K, reserved 1245184K
  class space    used 19905K, committed 21184K, reserved 1048576K
}
Event: 58.665 GC heap before
{Heap before GC invocations=49 (full 0):
 garbage-first heap   total 348160K, used 312936K [0x0000000700000000, 0x0000000800000000)
  region size 2048K, 52 young (106496K), 7 survivors (14336K)
 Metaspace       used 154048K, committed 156608K, reserved 1245184K
  class space    used 20130K, committed 21440K, reserved 1048576K
}
Event: 58.680 GC heap after
{Heap after GC invocations=50 (full 0):
 garbage-first heap   total 348160K, used 234489K [0x0000000700000000, 0x0000000800000000)
  region size 2048K, 6 young (12288K), 6 survivors (12288K)
 Metaspace       used 154048K, committed 156608K, reserved 1245184K
  class space    used 20130K, committed 21440K, reserved 1048576K
}
Event: 59.322 GC heap before
{Heap before GC invocations=51 (full 0):
 garbage-first heap   total 393216K, used 310265K [0x0000000700000000, 0x0000000800000000)
  region size 2048K, 44 young (90112K), 6 survivors (12288K)
 Metaspace       used 154288K, committed 156800K, reserved 1245184K
  class space    used 20169K, committed 21440K, reserved 1048576K
}
Event: 59.331 GC heap after
{Heap after GC invocations=52 (full 0):
 garbage-first heap   total 393216K, used 238444K [0x0000000700000000, 0x0000000800000000)
  region size 2048K, 4 young (8192K), 4 survivors (8192K)
 Metaspace       used 154288K, committed 156800K, reserved 1245184K
  class space    used 20169K, committed 21440K, reserved 1048576K
}
Event: 59.934 GC heap before
{Heap before GC invocations=52 (full 0):
 garbage-first heap   total 393216K, used 355180K [0x0000000700000000, 0x0000000800000000)
  region size 2048K, 62 young (126976K), 4 survivors (8192K)
 Metaspace       used 154417K, committed 156992K, reserved 1245184K
  class space    used 20191K, committed 21504K, reserved 1048576K
}
Event: 59.945 GC heap after
{Heap after GC invocations=53 (full 0):
 garbage-first heap   total 393216K, used 240525K [0x0000000700000000, 0x0000000800000000)
  region size 2048K, 6 young (12288K), 6 survivors (12288K)
 Metaspace       used 154417K, committed 156992K, reserved 1245184K
  class space    used 20191K, committed 21504K, reserved 1048576K
}
Event: 60.431 GC heap before
{Heap before GC invocations=53 (full 0):
 garbage-first heap   total 393216K, used 306061K [0x0000000700000000, 0x0000000800000000)
  region size 2048K, 40 young (81920K), 6 survivors (12288K)
 Metaspace       used 154727K, committed 157376K, reserved 1245184K
  class space    used 20252K, committed 21568K, reserved 1048576K
}
Event: 60.441 GC heap after
{Heap after GC invocations=54 (full 0):
 garbage-first heap   total 393216K, used 243318K [0x0000000700000000, 0x0000000800000000)
  region size 2048K, 5 young (10240K), 5 survivors (10240K)
 Metaspace       used 154727K, committed 157376K, reserved 1245184K
  class space    used 20252K, committed 21568K, reserved 1048576K
}
Event: 61.266 GC heap before
{Heap before GC invocations=55 (full 0):
 garbage-first heap   total 409600K, used 364150K [0x0000000700000000, 0x0000000800000000)
  region size 2048K, 63 young (129024K), 5 survivors (10240K)
 Metaspace       used 156467K, committed 159104K, reserved 1245184K
  class space    used 20513K, committed 21824K, reserved 1048576K
}
Event: 61.274 GC heap after
{Heap after GC invocations=56 (full 0):
 garbage-first heap   total 409600K, used 246571K [0x0000000700000000, 0x0000000800000000)
  region size 2048K, 5 young (10240K), 5 survivors (10240K)
 Metaspace       used 156467K, committed 159104K, reserved 1245184K
  class space    used 20513K, committed 21824K, reserved 1048576K
}
Event: 61.741 GC heap before
{Heap before GC invocations=56 (full 0):
 garbage-first heap   total 409600K, used 375595K [0x0000000700000000, 0x0000000800000000)
  region size 2048K, 68 young (139264K), 5 survivors (10240K)
 Metaspace       used 158506K, committed 161088K, reserved 1245184K
  class space    used 20663K, committed 21952K, reserved 1048576K
}
Event: 61.756 GC heap after
{Heap after GC invocations=57 (full 0):
 garbage-first heap   total 409600K, used 229963K [0x0000000700000000, 0x0000000800000000)
  region size 2048K, 6 young (12288K), 6 survivors (12288K)
 Metaspace       used 158506K, committed 161088K, reserved 1245184K
  class space    used 20663K, committed 21952K, reserved 1048576K
}
Event: 62.009 GC heap before
{Heap before GC invocations=57 (full 0):
 garbage-first heap   total 409600K, used 272971K [0x0000000700000000, 0x0000000800000000)
  region size 2048K, 29 young (59392K), 6 survivors (12288K)
 Metaspace       used 158534K, committed 161088K, reserved 1245184K
  class space    used 20666K, committed 21952K, reserved 1048576K
}
Event: 62.016 GC heap after
{Heap after GC invocations=58 (full 0):
 garbage-first heap   total 491520K, used 232716K [0x0000000700000000, 0x0000000800000000)
  region size 2048K, 5 young (10240K), 5 survivors (10240K)
 Metaspace       used 158534K, committed 161088K, reserved 1245184K
  class space    used 20666K, committed 21952K, reserved 1048576K
}
Event: 62.303 GC heap before
{Heap before GC invocations=58 (full 0):
 garbage-first heap   total 491520K, used 255244K [0x0000000700000000, 0x0000000800000000)
  region size 2048K, 17 young (34816K), 5 survivors (10240K)
 Metaspace       used 162441K, committed 165056K, reserved 1245184K
  class space    used 21125K, committed 22464K, reserved 1048576K
}
Event: 62.311 GC heap after
{Heap after GC invocations=59 (full 0):
 garbage-first heap   total 491520K, used 233003K [0x0000000700000000, 0x0000000800000000)
  region size 2048K, 6 young (12288K), 6 survivors (12288K)
 Metaspace       used 162441K, committed 165056K, reserved 1245184K
  class space    used 21125K, committed 22464K, reserved 1048576K
}

