# JRE version: OpenJDK Runtime Environment (21.0.6) (build 21.0.6+-13368085-b895.109)
# Java VM: OpenJDK 64-Bit Server VM (21.0.6+-13368085-b895.109, mixed mode, tiered, compressed oops, compressed class ptrs, g1 gc, windows-amd64)
GC Precious Log:
 CardTable entry size: 512
 Card Set container configuration: InlinePtr #cards 4 size 8 Array Of Cards #cards 16 size 48 Howl #buckets 8 coarsen threshold 3686 Howl Bitmap #cards 512 size 80 coarsen threshold 460 Card regions per heap region 1 cards per card region 4096
 CPUs: 12 total, 12 available
 Memory: 7876M
 Large Page Support: Disabled
 NUMA Support: Disabled
 Compressed Oops: Enabled (Zero based)
 Heap Region Size: 2M
 Heap Min Capacity: 8M
 Heap Initial Capacity: 124M
 Heap Max Capacity: 4G
 Pre-touch: Disabled
 Parallel Workers: 10
 Concurrent Workers: 3
 Concurrent Refinement Workers: 10
 Periodic GC: Disabled
Heap:
 garbage-first heap   total 651264K, used 288834K [0x0000000700000000, 0x0000000800000000)
  region size 2048K, 8 young (16384K), 8 survivors (16384K)
 Metaspace       used 180232K, committed 182720K, reserved 1245184K
  class space    used 23902K, committed 25152K, reserved 1048576K
GC Heap History (20 events):
Event: 135.988 GC heap after
{Heap after GC invocations=75 (full 0):
 garbage-first heap   total 423936K, used 256426K [0x0000000700000000, 0x0000000800000000)
  region size 2048K, 5 young (10240K), 5 survivors (10240K)
 Metaspace       used 164504K, committed 166912K, reserved 1245184K
  class space    used 21534K, committed 22720K, reserved 1048576K
}
Event: 137.260 GC heap before
{Heap before GC invocations=75 (full 0):
 garbage-first heap   total 423936K, used 381354K [0x0000000700000000, 0x0000000800000000)
  region size 2048K, 67 young (137216K), 5 survivors (10240K)
 Metaspace       used 172719K, committed 175168K, reserved 1245184K
  class space    used 22895K, committed 24128K, reserved 1048576K
}
Event: 137.283 GC heap after
{Heap after GC invocations=76 (full 0):
 garbage-first heap   total 423936K, used 244451K [0x0000000700000000, 0x0000000800000000)
  region size 2048K, 9 young (18432K), 9 survivors (18432K)
 Metaspace       used 172719K, committed 175168K, reserved 1245184K
  class space    used 22895K, committed 24128K, reserved 1048576K
}
Event: 137.927 GC heap before
{Heap before GC invocations=76 (full 0):
 garbage-first heap   total 423936K, used 371427K [0x0000000700000000, 0x0000000800000000)
  region size 2048K, 73 young (149504K), 9 survivors (18432K)
 Metaspace       used 177381K, committed 179904K, reserved 1245184K
  class space    used 23670K, committed 24960K, reserved 1048576K
}
Event: 137.966 GC heap after
{Heap after GC invocations=77 (full 0):
 garbage-first heap   total 423936K, used 269115K [0x0000000700000000, 0x0000000800000000)
  region size 2048K, 10 young (20480K), 10 survivors (20480K)
 Metaspace       used 177381K, committed 179904K, reserved 1245184K
  class space    used 23670K, committed 24960K, reserved 1048576K
}
Event: 138.569 GC heap before
{Heap before GC invocations=78 (full 0):
 garbage-first heap   total 481280K, used 391995K [0x0000000700000000, 0x0000000800000000)
  region size 2048K, 62 young (126976K), 10 survivors (20480K)
 Metaspace       used 178492K, committed 180992K, reserved 1245184K
  class space    used 23781K, committed 25024K, reserved 1048576K
}
Event: 138.589 GC heap after
{Heap after GC invocations=79 (full 0):
 garbage-first heap   total 481280K, used 282833K [0x0000000700000000, 0x0000000800000000)
  region size 2048K, 3 young (6144K), 3 survivors (6144K)
 Metaspace       used 178492K, committed 180992K, reserved 1245184K
  class space    used 23781K, committed 25024K, reserved 1048576K
}
Event: 139.011 GC heap before
{Heap before GC invocations=79 (full 0):
 garbage-first heap   total 481280K, used 426193K [0x0000000700000000, 0x0000000800000000)
  region size 2048K, 73 young (149504K), 3 survivors (6144K)
 Metaspace       used 178851K, committed 181376K, reserved 1245184K
  class space    used 23838K, committed 25088K, reserved 1048576K
}
Event: 139.026 GC heap after
{Heap after GC invocations=80 (full 0):
 garbage-first heap   total 651264K, used 284324K [0x0000000700000000, 0x0000000800000000)
  region size 2048K, 6 young (12288K), 6 survivors (12288K)
 Metaspace       used 178851K, committed 181376K, reserved 1245184K
  class space    used 23838K, committed 25088K, reserved 1048576K
}
Event: 139.705 GC heap before
{Heap before GC invocations=80 (full 0):
 garbage-first heap   total 651264K, used 599716K [0x0000000700000000, 0x0000000800000000)
  region size 2048K, 161 young (329728K), 6 survivors (12288K)
 Metaspace       used 179179K, committed 181696K, reserved 1245184K
  class space    used 23879K, committed 25152K, reserved 1048576K
}
Event: 139.720 GC heap after
{Heap after GC invocations=81 (full 0):
 garbage-first heap   total 651264K, used 287476K [0x0000000700000000, 0x0000000800000000)
  region size 2048K, 7 young (14336K), 7 survivors (14336K)
 Metaspace       used 179179K, committed 181696K, reserved 1245184K
  class space    used 23879K, committed 25152K, reserved 1048576K
}
Event: 140.700 GC heap before
{Heap before GC invocations=82 (full 0):
 garbage-first heap   total 651264K, used 598772K [0x0000000700000000, 0x0000000800000000)
  region size 2048K, 160 young (327680K), 7 survivors (14336K)
 Metaspace       used 179521K, committed 182080K, reserved 1245184K
  class space    used 23868K, committed 25152K, reserved 1048576K
}
Event: 140.720 GC heap after
{Heap after GC invocations=83 (full 0):
 garbage-first heap   total 651264K, used 288411K [0x0000000700000000, 0x0000000800000000)
  region size 2048K, 8 young (16384K), 8 survivors (16384K)
 Metaspace       used 179521K, committed 182080K, reserved 1245184K
  class space    used 23868K, committed 25152K, reserved 1048576K
}
Event: 141.286 GC heap before
{Heap before GC invocations=83 (full 0):
 garbage-first heap   total 651264K, used 595611K [0x0000000700000000, 0x0000000800000000)
  region size 2048K, 159 young (325632K), 8 survivors (16384K)
 Metaspace       used 179672K, committed 182144K, reserved 1245184K
  class space    used 23874K, committed 25152K, reserved 1048576K
}
Event: 141.338 GC heap after
{Heap after GC invocations=84 (full 0):
 garbage-first heap   total 651264K, used 285441K [0x0000000700000000, 0x0000000800000000)
  region size 2048K, 9 young (18432K), 9 survivors (18432K)
 Metaspace       used 179672K, committed 182144K, reserved 1245184K
  class space    used 23874K, committed 25152K, reserved 1048576K
}
Event: 141.776 GC heap before
{Heap before GC invocations=84 (full 0):
 garbage-first heap   total 651264K, used 594689K [0x0000000700000000, 0x0000000800000000)
  region size 2048K, 161 young (329728K), 9 survivors (18432K)
 Metaspace       used 179941K, committed 182400K, reserved 1245184K
  class space    used 23875K, committed 25152K, reserved 1048576K
}
Event: 141.791 GC heap after
{Heap after GC invocations=85 (full 0):
 garbage-first heap   total 651264K, used 291805K [0x0000000700000000, 0x0000000800000000)
  region size 2048K, 12 young (24576K), 12 survivors (24576K)
 Metaspace       used 179941K, committed 182400K, reserved 1245184K
  class space    used 23875K, committed 25152K, reserved 1048576K
}
Event: 142.283 GC heap before
{Heap before GC invocations=86 (full 0):
 garbage-first heap   total 651264K, used 590813K [0x0000000700000000, 0x0000000800000000)
  region size 2048K, 158 young (323584K), 12 survivors (24576K)
 Metaspace       used 180168K, committed 182656K, reserved 1245184K
  class space    used 23897K, committed 25152K, reserved 1048576K
}
Event: 142.303 GC heap after
{Heap after GC invocations=87 (full 0):
 garbage-first heap   total 651264K, used 295667K [0x0000000700000000, 0x0000000800000000)
  region size 2048K, 13 young (26624K), 13 survivors (26624K)
 Metaspace       used 180168K, committed 182656K, reserved 1245184K
  class space    used 23897K, committed 25152K, reserved 1048576K
}
Event: 142.657 GC heap before
{Heap before GC invocations=87 (full 0):
 garbage-first heap   total 651264K, used 586483K [0x0000000700000000, 0x0000000800000000)
  region size 2048K, 156 young (319488K), 13 survivors (26624K)
 Metaspace       used 180232K, committed 182720K, reserved 1245184K
  class space    used 23902K, committed 25152K, reserved 1048576K
}

