# JRE version: OpenJDK Runtime Environment (21.0.6) (build 21.0.6+-13368085-b895.109)
# Java VM: OpenJDK 64-Bit Server VM (21.0.6+-13368085-b895.109, mixed mode, tiered, compressed oops, compressed class ptrs, g1 gc, windows-amd64)
GC Precious Log:
 CardTable entry size: 512
 Card Set container configuration: InlinePtr #cards 4 size 8 Array Of Cards #cards 16 size 48 Howl #buckets 8 coarsen threshold 3686 Howl Bitmap #cards 512 size 80 coarsen threshold 460 Card regions per heap region 1 cards per card region 4096
 CPUs: 12 total, 12 available
 Memory: 7876M
 Large Page Support: Disabled
 NUMA Support: Disabled
 Compressed Oops: Enabled (Zero based)
 Heap Region Size: 2M
 Heap Min Capacity: 8M
 Heap Initial Capacity: 124M
 Heap Max Capacity: 4G
 Pre-touch: Disabled
 Parallel Workers: 10
 Concurrent Workers: 3
 Concurrent Refinement Workers: 10
 Periodic GC: Disabled
Heap:
 garbage-first heap   total 419840K, used 247806K [0x0000000700000000, 0x0000000800000000)
  region size 2048K, 27 young (55296K), 4 survivors (8192K)
 Metaspace       used 154707K, committed 157184K, reserved 1245184K
  class space    used 20214K, committed 21440K, reserved 1048576K
GC Heap History (20 events):
Event: 17.201 GC heap before
{Heap before GC invocations=47 (full 0):
 garbage-first heap   total 258048K, used 228591K [0x0000000700000000, 0x0000000800000000)
  region size 2048K, 50 young (102400K), 6 survivors (12288K)
 Metaspace       used 124198K, committed 126464K, reserved 1179648K
  class space    used 16740K, committed 17856K, reserved 1048576K
}
Event: 17.211 GC heap after
{Heap after GC invocations=48 (full 0):
 garbage-first heap   total 258048K, used 141282K [0x0000000700000000, 0x0000000800000000)
  region size 2048K, 6 young (12288K), 6 survivors (12288K)
 Metaspace       used 124198K, committed 126464K, reserved 1179648K
  class space    used 16740K, committed 17856K, reserved 1048576K
}
Event: 18.059 GC heap before
{Heap before GC invocations=48 (full 0):
 garbage-first heap   total 258048K, used 233442K [0x0000000700000000, 0x0000000800000000)
  region size 2048K, 49 young (100352K), 6 survivors (12288K)
 Metaspace       used 129767K, committed 132032K, reserved 1179648K
  class space    used 17356K, committed 18496K, reserved 1048576K
}
Event: 18.071 GC heap after
{Heap after GC invocations=49 (full 0):
 garbage-first heap   total 260096K, used 149256K [0x0000000700000000, 0x0000000800000000)
  region size 2048K, 7 young (14336K), 7 survivors (14336K)
 Metaspace       used 129767K, committed 132032K, reserved 1179648K
  class space    used 17356K, committed 18496K, reserved 1048576K
}
Event: 18.178 GC heap before
{Heap before GC invocations=49 (full 0):
 garbage-first heap   total 260096K, used 157448K [0x0000000700000000, 0x0000000800000000)
  region size 2048K, 12 young (24576K), 7 survivors (14336K)
 Metaspace       used 129771K, committed 132032K, reserved 1179648K
  class space    used 17356K, committed 18496K, reserved 1048576K
}
Event: 18.187 GC heap after
{Heap after GC invocations=50 (full 0):
 garbage-first heap   total 313344K, used 152744K [0x0000000700000000, 0x0000000800000000)
  region size 2048K, 2 young (4096K), 2 survivors (4096K)
 Metaspace       used 129771K, committed 132032K, reserved 1179648K
  class space    used 17356K, committed 18496K, reserved 1048576K
}
Event: 18.436 GC heap before
{Heap before GC invocations=50 (full 0):
 garbage-first heap   total 313344K, used 179368K [0x0000000700000000, 0x0000000800000000)
  region size 2048K, 16 young (32768K), 2 survivors (4096K)
 Metaspace       used 129791K, committed 132096K, reserved 1179648K
  class space    used 17356K, committed 18496K, reserved 1048576K
}
Event: 18.445 GC heap after
{Heap after GC invocations=51 (full 0):
 garbage-first heap   total 313344K, used 162801K [0x0000000700000000, 0x0000000800000000)
  region size 2048K, 6 young (12288K), 6 survivors (12288K)
 Metaspace       used 129791K, committed 132096K, reserved 1179648K
  class space    used 17356K, committed 18496K, reserved 1048576K
}
Event: 19.211 GC heap before
{Heap before GC invocations=52 (full 0):
 garbage-first heap   total 313344K, used 238577K [0x0000000700000000, 0x0000000800000000)
  region size 2048K, 42 young (86016K), 6 survivors (12288K)
 Metaspace       used 130782K, committed 133056K, reserved 1179648K
  class space    used 17428K, committed 18560K, reserved 1048576K
}
Event: 19.229 GC heap after
{Heap after GC invocations=53 (full 0):
 garbage-first heap   total 313344K, used 179451K [0x0000000700000000, 0x0000000800000000)
  region size 2048K, 6 young (12288K), 6 survivors (12288K)
 Metaspace       used 130782K, committed 133056K, reserved 1179648K
  class space    used 17428K, committed 18560K, reserved 1048576K
}
Event: 20.196 GC heap before
{Heap before GC invocations=53 (full 0):
 garbage-first heap   total 313344K, used 257275K [0x0000000700000000, 0x0000000800000000)
  region size 2048K, 41 young (83968K), 6 survivors (12288K)
 Metaspace       used 138676K, committed 140992K, reserved 1179648K
  class space    used 18226K, committed 19392K, reserved 1048576K
}
Event: 20.209 GC heap after
{Heap after GC invocations=54 (full 0):
 garbage-first heap   total 313344K, used 195649K [0x0000000700000000, 0x0000000800000000)
  region size 2048K, 6 young (12288K), 6 survivors (12288K)
 Metaspace       used 138676K, committed 140992K, reserved 1179648K
  class space    used 18226K, committed 19392K, reserved 1048576K
}
Event: 20.931 GC heap before
{Heap before GC invocations=54 (full 0):
 garbage-first heap   total 313344K, used 259137K [0x0000000700000000, 0x0000000800000000)
  region size 2048K, 38 young (77824K), 6 survivors (12288K)
 Metaspace       used 143860K, committed 146112K, reserved 1179648K
  class space    used 18887K, committed 20032K, reserved 1048576K
}
Event: 20.939 GC heap after
{Heap after GC invocations=55 (full 0):
 garbage-first heap   total 313344K, used 197489K [0x0000000700000000, 0x0000000800000000)
  region size 2048K, 2 young (4096K), 2 survivors (4096K)
 Metaspace       used 143860K, committed 146112K, reserved 1179648K
  class space    used 18887K, committed 20032K, reserved 1048576K
}
Event: 21.965 GC heap before
{Heap before GC invocations=56 (full 0):
 garbage-first heap   total 331776K, used 267121K [0x0000000700000000, 0x0000000800000000)
  region size 2048K, 37 young (75776K), 2 survivors (4096K)
 Metaspace       used 151347K, committed 153600K, reserved 1245184K
  class space    used 19819K, committed 20928K, reserved 1048576K
}
Event: 21.971 GC heap after
{Heap after GC invocations=57 (full 0):
 garbage-first heap   total 331776K, used 199914K [0x0000000700000000, 0x0000000800000000)
  region size 2048K, 3 young (6144K), 3 survivors (6144K)
 Metaspace       used 151347K, committed 153600K, reserved 1245184K
  class space    used 19819K, committed 20928K, reserved 1048576K
}
Event: 22.694 GC heap before
{Heap before GC invocations=57 (full 0):
 garbage-first heap   total 331776K, used 281834K [0x0000000700000000, 0x0000000800000000)
  region size 2048K, 43 young (88064K), 3 survivors (6144K)
 Metaspace       used 153019K, committed 155456K, reserved 1245184K
  class space    used 20006K, committed 21248K, reserved 1048576K
}
Event: 22.705 GC heap after
{Heap after GC invocations=58 (full 0):
 garbage-first heap   total 331776K, used 202114K [0x0000000700000000, 0x0000000800000000)
  region size 2048K, 5 young (10240K), 5 survivors (10240K)
 Metaspace       used 153019K, committed 155456K, reserved 1245184K
  class space    used 20006K, committed 21248K, reserved 1048576K
}
Event: 23.030 GC heap before
{Heap before GC invocations=58 (full 0):
 garbage-first heap   total 331776K, used 286082K [0x0000000700000000, 0x0000000800000000)
  region size 2048K, 46 young (94208K), 5 survivors (10240K)
 Metaspace       used 153136K, committed 155584K, reserved 1245184K
  class space    used 20009K, committed 21248K, reserved 1048576K
}
Event: 23.040 GC heap after
{Heap after GC invocations=59 (full 0):
 garbage-first heap   total 419840K, used 202750K [0x0000000700000000, 0x0000000800000000)
  region size 2048K, 4 young (8192K), 4 survivors (8192K)
 Metaspace       used 153136K, committed 155584K, reserved 1245184K
  class space    used 20009K, committed 21248K, reserved 1048576K
}

