# JRE version: OpenJDK Runtime Environment (21.0.6) (build 21.0.6+-13368085-b895.109)
# Java VM: OpenJDK 64-Bit Server VM (21.0.6+-13368085-b895.109, mixed mode, tiered, compressed oops, compressed class ptrs, g1 gc, windows-amd64)
GC Precious Log:
 CardTable entry size: 512
 Card Set container configuration: InlinePtr #cards 4 size 8 Array Of Cards #cards 16 size 48 Howl #buckets 8 coarsen threshold 3686 Howl Bitmap #cards 512 size 80 coarsen threshold 460 Card regions per heap region 1 cards per card region 4096
 CPUs: 12 total, 12 available
 Memory: 7876M
 Large Page Support: Disabled
 NUMA Support: Disabled
 Compressed Oops: Enabled (Zero based)
 Heap Region Size: 2M
 Heap Min Capacity: 8M
 Heap Initial Capacity: 124M
 Heap Max Capacity: 4G
 Pre-touch: Disabled
 Parallel Workers: 10
 Concurrent Workers: 3
 Concurrent Refinement Workers: 10
 Periodic GC: Disabled
Heap:
 garbage-first heap   total 92160K, used 67048K [0x0000000700000000, 0x0000000800000000)
  region size 2048K, 18 young (36864K), 2 survivors (4096K)
 Metaspace       used 63064K, committed 64640K, reserved 1114112K
  class space    used 8647K, committed 9408K, reserved 1048576K
GC Heap History (20 events):
Event: 2.663 GC heap before
{Heap before GC invocations=3 (full 0):
 garbage-first heap   total 126976K, used 29962K [0x0000000700000000, 0x0000000800000000)
  region size 2048K, 10 young (20480K), 4 survivors (8192K)
 Metaspace       used 21179K, committed 21504K, reserved 1114112K
  class space    used 2442K, committed 2624K, reserved 1048576K
}
Event: 2.670 GC heap after
{Heap after GC invocations=4 (full 0):
 garbage-first heap   total 126976K, used 21052K [0x0000000700000000, 0x0000000800000000)
  region size 2048K, 1 young (2048K), 1 survivors (2048K)
 Metaspace       used 21179K, committed 21504K, reserved 1114112K
  class space    used 2442K, committed 2624K, reserved 1048576K
}
Event: 4.088 GC heap before
{Heap before GC invocations=5 (full 0):
 garbage-first heap   total 75776K, used 64060K [0x0000000700000000, 0x0000000800000000)
  region size 2048K, 22 young (45056K), 1 survivors (2048K)
 Metaspace       used 28313K, committed 28800K, reserved 1114112K
  class space    used 3561K, committed 3776K, reserved 1048576K
}
Event: 4.092 GC heap after
{Heap after GC invocations=6 (full 0):
 garbage-first heap   total 75776K, used 22931K [0x0000000700000000, 0x0000000800000000)
  region size 2048K, 2 young (4096K), 2 survivors (4096K)
 Metaspace       used 28313K, committed 28800K, reserved 1114112K
  class space    used 3561K, committed 3776K, reserved 1048576K
}
Event: 5.178 GC heap before
{Heap before GC invocations=6 (full 0):
 garbage-first heap   total 75776K, used 59795K [0x0000000700000000, 0x0000000800000000)
  region size 2048K, 21 young (43008K), 2 survivors (4096K)
 Metaspace       used 33635K, committed 34496K, reserved 1114112K
  class space    used 4472K, committed 4928K, reserved 1048576K
}
Event: 5.184 GC heap after
{Heap after GC invocations=7 (full 0):
 garbage-first heap   total 75776K, used 25471K [0x0000000700000000, 0x0000000800000000)
  region size 2048K, 3 young (6144K), 3 survivors (6144K)
 Metaspace       used 33635K, committed 34496K, reserved 1114112K
  class space    used 4472K, committed 4928K, reserved 1048576K
}
Event: 5.405 GC heap before
{Heap before GC invocations=7 (full 0):
 garbage-first heap   total 75776K, used 35711K [0x0000000700000000, 0x0000000800000000)
  region size 2048K, 9 young (18432K), 3 survivors (6144K)
 Metaspace       used 35190K, committed 36096K, reserved 1114112K
  class space    used 4708K, committed 5120K, reserved 1048576K
}
Event: 5.409 GC heap after
{Heap after GC invocations=8 (full 0):
 garbage-first heap   total 75776K, used 26372K [0x0000000700000000, 0x0000000800000000)
  region size 2048K, 2 young (4096K), 2 survivors (4096K)
 Metaspace       used 35190K, committed 36096K, reserved 1114112K
  class space    used 4708K, committed 5120K, reserved 1048576K
}
Event: 5.983 GC heap before
{Heap before GC invocations=9 (full 0):
 garbage-first heap   total 75776K, used 63236K [0x0000000700000000, 0x0000000800000000)
  region size 2048K, 20 young (40960K), 2 survivors (4096K)
 Metaspace       used 40115K, committed 41344K, reserved 1114112K
  class space    used 5498K, committed 6080K, reserved 1048576K
}
Event: 5.988 GC heap after
{Heap after GC invocations=10 (full 0):
 garbage-first heap   total 75776K, used 28043K [0x0000000700000000, 0x0000000800000000)
  region size 2048K, 2 young (4096K), 2 survivors (4096K)
 Metaspace       used 40115K, committed 41344K, reserved 1114112K
  class space    used 5498K, committed 6080K, reserved 1048576K
}
Event: 6.497 GC heap before
{Heap before GC invocations=10 (full 0):
 garbage-first heap   total 75776K, used 62859K [0x0000000700000000, 0x0000000800000000)
  region size 2048K, 19 young (38912K), 2 survivors (4096K)
 Metaspace       used 45701K, committed 46912K, reserved 1114112K
  class space    used 6076K, committed 6656K, reserved 1048576K
}
Event: 6.504 GC heap after
{Heap after GC invocations=11 (full 0):
 garbage-first heap   total 75776K, used 32311K [0x0000000700000000, 0x0000000800000000)
  region size 2048K, 3 young (6144K), 3 survivors (6144K)
 Metaspace       used 45701K, committed 46912K, reserved 1114112K
  class space    used 6076K, committed 6656K, reserved 1048576K
}
Event: 6.883 GC heap before
{Heap before GC invocations=11 (full 0):
 garbage-first heap   total 75776K, used 63031K [0x0000000700000000, 0x0000000800000000)
  region size 2048K, 18 young (36864K), 3 survivors (6144K)
 Metaspace       used 46752K, committed 48064K, reserved 1114112K
  class space    used 6242K, committed 6912K, reserved 1048576K
}
Event: 6.888 GC heap after
{Heap after GC invocations=12 (full 0):
 garbage-first heap   total 92160K, used 33349K [0x0000000700000000, 0x0000000800000000)
  region size 2048K, 1 young (2048K), 1 survivors (2048K)
 Metaspace       used 46752K, committed 48064K, reserved 1114112K
  class space    used 6242K, committed 6912K, reserved 1048576K
}
Event: 7.841 GC heap before
{Heap before GC invocations=12 (full 0):
 garbage-first heap   total 92160K, used 78405K [0x0000000700000000, 0x0000000800000000)
  region size 2048K, 23 young (47104K), 1 survivors (2048K)
 Metaspace       used 51879K, committed 53312K, reserved 1114112K
  class space    used 7083K, committed 7808K, reserved 1048576K
}
Event: 7.845 GC heap after
{Heap after GC invocations=13 (full 0):
 garbage-first heap   total 92160K, used 36317K [0x0000000700000000, 0x0000000800000000)
  region size 2048K, 3 young (6144K), 3 survivors (6144K)
 Metaspace       used 51879K, committed 53312K, reserved 1114112K
  class space    used 7083K, committed 7808K, reserved 1048576K
}
Event: 8.651 GC heap before
{Heap before GC invocations=13 (full 0):
 garbage-first heap   total 92160K, used 75229K [0x0000000700000000, 0x0000000800000000)
  region size 2048K, 23 young (47104K), 3 survivors (6144K)
 Metaspace       used 57910K, committed 59456K, reserved 1114112K
  class space    used 7822K, committed 8576K, reserved 1048576K
}
Event: 8.657 GC heap after
{Heap after GC invocations=14 (full 0):
 garbage-first heap   total 92160K, used 38497K [0x0000000700000000, 0x0000000800000000)
  region size 2048K, 2 young (4096K), 2 survivors (4096K)
 Metaspace       used 57910K, committed 59456K, reserved 1114112K
  class space    used 7822K, committed 8576K, reserved 1048576K
}
Event: 8.788 GC heap before
{Heap before GC invocations=14 (full 0):
 garbage-first heap   total 92160K, used 42593K [0x0000000700000000, 0x0000000800000000)
  region size 2048K, 5 young (10240K), 2 survivors (4096K)
 Metaspace       used 58778K, committed 60288K, reserved 1114112K
  class space    used 7948K, committed 8704K, reserved 1048576K
}
Event: 8.791 GC heap after
{Heap after GC invocations=15 (full 0):
 garbage-first heap   total 92160K, used 38376K [0x0000000700000000, 0x0000000800000000)
  region size 2048K, 2 young (4096K), 2 survivors (4096K)
 Metaspace       used 58778K, committed 60288K, reserved 1114112K
  class space    used 7948K, committed 8704K, reserved 1048576K
}

